
------------------ Wed Mar 21 14:02:25 CST 2012
java.lang.ClassCastException: com.hudson.velocityweb.editors.velocity.VelocityMultiPageEditor cannot be cast to org.eclipse.ui.texteditor.ITextEditor
	at com.hudson.velocityweb.util.EditorUtil.openExternalFile(EditorUtil.java:75)
	at com.hudson.velocityweb.editors.actions.GoToDefinition.run(GoToDefinition.java:62)
	at org.eclipse.ui.internal.PluginAction.runWithEvent(PluginAction.java:251)
	at org.eclipse.jface.action.ActionContributionItem.handleWidgetSelection(ActionContributionItem.java:584)
	at org.eclipse.jface.action.ActionContributionItem.access$2(ActionContributionItem.java:501)
	at org.eclipse.jface.action.ActionContributionItem$5.handleEvent(ActionContributionItem.java:411)
	at org.eclipse.swt.widgets.EventTable.sendEvent(EventTable.java:84)
	at org.eclipse.swt.widgets.Widget.sendEvent(Widget.java:1053)
	at org.eclipse.swt.widgets.Display.runDeferredEvents(Display.java:4165)
	at org.eclipse.swt.widgets.Display.readAndDispatch(Display.java:3754)
	at org.eclipse.ui.internal.Workbench.runEventLoop(Workbench.java:2701)
	at org.eclipse.ui.internal.Workbench.runUI(Workbench.java:2665)
	at org.eclipse.ui.internal.Workbench.access$4(Workbench.java:2499)
	at org.eclipse.ui.internal.Workbench$7.run(Workbench.java:679)
	at org.eclipse.core.databinding.observable.Realm.runWithDefault(Realm.java:332)
	at org.eclipse.ui.internal.Workbench.createAndRunWorkbench(Workbench.java:668)
	at org.eclipse.ui.PlatformUI.createAndRunWorkbench(PlatformUI.java:149)
	at org.eclipse.ui.internal.ide.application.IDEApplication.start(IDEApplication.java:123)
	at org.eclipse.equinox.internal.app.EclipseAppHandle.run(EclipseAppHandle.java:196)
	at org.eclipse.core.runtime.internal.adaptor.EclipseAppLauncher.runApplication(EclipseAppLauncher.java:110)
	at org.eclipse.core.runtime.internal.adaptor.EclipseAppLauncher.start(EclipseAppLauncher.java:79)
	at org.eclipse.core.runtime.adaptor.EclipseStarter.run(EclipseStarter.java:344)
	at org.eclipse.core.runtime.adaptor.EclipseStarter.run(EclipseStarter.java:179)
	at sun.reflect.NativeMethodAccessorImpl.invoke0(Native Method)
	at sun.reflect.NativeMethodAccessorImpl.invoke(NativeMethodAccessorImpl.java:39)
	at sun.reflect.DelegatingMethodAccessorImpl.invoke(DelegatingMethodAccessorImpl.java:25)
	at java.lang.reflect.Method.invoke(Method.java:597)
	at org.eclipse.equinox.launcher.Main.invokeFramework(Main.java:622)
	at org.eclipse.equinox.launcher.Main.basicRun(Main.java:577)
	at org.eclipse.equinox.launcher.Main.run(Main.java:1410)
	at org.eclipse.equinox.launcher.Main.main(Main.java:1386)

